[2024-05-17T17:28:35.319+0000] {local_task_job_runner.py:120} INFO - ::group::Pre task execution logs
[2024-05-17T17:28:35.346+0000] {taskinstance.py:2076} INFO - Dependencies all met for dep_context=non-requeueable deps ti=<TaskInstance: reddit_etl_pipeline.extract_reddit manual__2024-05-17T17:28:04.567372+00:00 [queued]>
[2024-05-17T17:28:35.354+0000] {taskinstance.py:2076} INFO - Dependencies all met for dep_context=requeueable deps ti=<TaskInstance: reddit_etl_pipeline.extract_reddit manual__2024-05-17T17:28:04.567372+00:00 [queued]>
[2024-05-17T17:28:35.355+0000] {taskinstance.py:2306} INFO - Starting attempt 1 of 1
[2024-05-17T17:28:35.366+0000] {taskinstance.py:2330} INFO - Executing <Task(PythonOperator): extract_reddit> on 2024-05-17 17:28:04.567372+00:00
[2024-05-17T17:28:35.374+0000] {standard_task_runner.py:63} INFO - Started process 55 to run task
[2024-05-17T17:28:35.378+0000] {standard_task_runner.py:90} INFO - Running: ['airflow', 'tasks', 'run', 'reddit_etl_pipeline', 'extract_reddit', 'manual__2024-05-17T17:28:04.567372+00:00', '--job-id', '13', '--raw', '--subdir', 'DAGS_FOLDER/reddit_dag.py', '--cfg-path', '/tmp/tmp7t6webb0']
[2024-05-17T17:28:35.381+0000] {standard_task_runner.py:91} INFO - Job 13: Subtask extract_reddit
[2024-05-17T17:28:35.403+0000] {warnings.py:109} WARNING - /home/airflow/.local/lib/python3.9/site-packages/airflow/settings.py:195: DeprecationWarning: The sql_alchemy_conn option in [core] has been moved to the sql_alchemy_conn option in [database] - the old setting has been used, but please update your config.
  SQL_ALCHEMY_CONN = conf.get("database", "SQL_ALCHEMY_CONN")

[2024-05-17T17:28:35.436+0000] {task_command.py:426} INFO - Running <TaskInstance: reddit_etl_pipeline.extract_reddit manual__2024-05-17T17:28:04.567372+00:00 [running]> on host 3b0b4ff62197
[2024-05-17T17:28:35.720+0000] {taskinstance.py:2648} INFO - Exporting env vars: AIRFLOW_CTX_DAG_OWNER='airflow' AIRFLOW_CTX_DAG_ID='reddit_etl_pipeline' AIRFLOW_CTX_TASK_ID='extract_reddit' AIRFLOW_CTX_EXECUTION_DATE='2024-05-17T17:28:04.567372+00:00' AIRFLOW_CTX_TRY_NUMBER='1' AIRFLOW_CTX_DAG_RUN_ID='manual__2024-05-17T17:28:04.567372+00:00'
[2024-05-17T17:28:35.727+0000] {taskinstance.py:430} INFO - ::endgroup::
[2024-05-17T17:28:35.766+0000] {logging_mixin.py:188} INFO - Connected to Reddit API successfully!
[2024-05-17T17:28:36.834+0000] {taskinstance.py:441} INFO - ::group::Post task execution logs
[2024-05-17T17:28:36.838+0000] {taskinstance.py:2905} ERROR - Task failed with exception
Traceback (most recent call last):
  File "/home/airflow/.local/lib/python3.9/site-packages/airflow/models/taskinstance.py", line 465, in _execute_task
    result = _execute_callable(context=context, **execute_callable_kwargs)
  File "/home/airflow/.local/lib/python3.9/site-packages/airflow/models/taskinstance.py", line 432, in _execute_callable
    return execute_callable(context=context, **execute_callable_kwargs)
  File "/home/airflow/.local/lib/python3.9/site-packages/airflow/models/baseoperator.py", line 400, in wrapper
    return func(self, *args, **kwargs)
  File "/home/airflow/.local/lib/python3.9/site-packages/airflow/operators/python.py", line 235, in execute
    return_value = self.execute_callable()
  File "/home/airflow/.local/lib/python3.9/site-packages/airflow/operators/python.py", line 252, in execute_callable
    return self.python_callable(*self.op_args, **self.op_kwargs)
  File "/opt/airflow/pipelines/extract_reddit_pipeline.py", line 18, in extract_reddit_pipeline
    post_df = transform_data(post_df)
  File "/opt/airflow/etls/reddit_etl.py", line 51, in transform_data
    df['title'] = df['title'].astype(float)
  File "/home/airflow/.local/lib/python3.9/site-packages/pandas/core/generic.py", line 6643, in astype
    new_data = self._mgr.astype(dtype=dtype, copy=copy, errors=errors)
  File "/home/airflow/.local/lib/python3.9/site-packages/pandas/core/internals/managers.py", line 430, in astype
    return self.apply(
  File "/home/airflow/.local/lib/python3.9/site-packages/pandas/core/internals/managers.py", line 363, in apply
    applied = getattr(b, f)(**kwargs)
  File "/home/airflow/.local/lib/python3.9/site-packages/pandas/core/internals/blocks.py", line 758, in astype
    new_values = astype_array_safe(values, dtype, copy=copy, errors=errors)
  File "/home/airflow/.local/lib/python3.9/site-packages/pandas/core/dtypes/astype.py", line 237, in astype_array_safe
    new_values = astype_array(values, dtype, copy=copy)
  File "/home/airflow/.local/lib/python3.9/site-packages/pandas/core/dtypes/astype.py", line 182, in astype_array
    values = _astype_nansafe(values, dtype, copy=copy)
  File "/home/airflow/.local/lib/python3.9/site-packages/pandas/core/dtypes/astype.py", line 133, in _astype_nansafe
    return arr.astype(dtype, copy=True)
ValueError: could not convert string to float: "France vs. 'Shrinkflation': Starting July 1, All 'Shrinked' Products Must Be Labelled For Consumers"
[2024-05-17T17:28:36.874+0000] {taskinstance.py:1206} INFO - Marking task as FAILED. dag_id=reddit_etl_pipeline, task_id=extract_reddit, run_id=manual__2024-05-17T17:28:04.567372+00:00, execution_date=20240517T172804, start_date=20240517T172835, end_date=20240517T172836
[2024-05-17T17:28:36.892+0000] {standard_task_runner.py:110} ERROR - Failed to execute job 13 for task extract_reddit (could not convert string to float: "France vs. 'Shrinkflation': Starting July 1, All 'Shrinked' Products Must Be Labelled For Consumers"; 55)
[2024-05-17T17:28:36.952+0000] {local_task_job_runner.py:240} INFO - Task exited with return code 1
[2024-05-17T17:28:36.976+0000] {taskinstance.py:3498} INFO - 0 downstream tasks scheduled from follow-on schedule check
[2024-05-17T17:28:36.979+0000] {local_task_job_runner.py:222} INFO - ::endgroup::
